<?xml version="1.0" encoding="UTF-8"?>
<!-- Generated by org.testng.reporters.JUnitXMLReporter -->
<testsuite ignored="0" hostname="CORPJGE5636A" failures="1" tests="1" name="Default test" time="26.799" errors="0" timestamp="2021-10-11T18:51:39 CDT">
  <testcase classname="mhbmobile.MHBmobileAutomation" name="mhbmain" time="1.981">
    <failure type="org.openqa.selenium.NoSuchElementException" message="no such element (An element could not be located on the page using the given search parameters (XPATH=&amp;apos;//*[@XCElementType=&amp;apos;XCUIElementTypeButton&amp;apos; and @accessibilityLabel=&amp;apos;TAB_BAR_TEXTS_ITEM&amp;apos; and @label=&amp;apos;Texts&amp;apos;]&amp;apos;))  (WARNING: The server did not provide any stacktrace information)
Command duration or timeout: 0 milliseconds
For documentation on this error, please visit: http://seleniumhq.org/exceptions/no_such_element.html
Build info: version: &amp;apos;3.6.0&amp;apos;, revision: &amp;apos;6fbf3ec767&amp;apos;, time: &amp;apos;2017-09-27T15:28:36.4Z&amp;apos;
System info: host: &amp;apos;CORPJGE5636A&amp;apos;, ip: &amp;apos;10.129.8.43&amp;apos;, os.name: &amp;apos;Windows 10&amp;apos;, os.arch: &amp;apos;amd64&amp;apos;, os.version: &amp;apos;10.0&amp;apos;, java.version: &amp;apos;16.0.2&amp;apos;
Driver info: io.appium.java_client.ios.IOSDriver
Capabilities [{device.majorVersion=13, dontGoHomeOnQuit=false, device.os=iOS, noReset=false, applicationClearData=false, reservationDuration=240, install.only.for.update=false, device.version=13.2, automationName=XCUITest, javascriptEnabled=true, testName=MHB login test, ehmUrl=https://vpndemous3.experitest.com:443/agent-316, device.manufacture=Apple, instrumentApp=false, device.category=PHONE, autoDismissAlerts=false, newSessionWaitTimeout=600, keystorePath=~/.android/debug.keystore, device.model=iPhone 8, appBuildVersion=, projectName=, ehmPrefixUrl=/agent-316, autoAcceptAlerts=false, dontStopAppOnReset=false, reportFormat=xml, fullReset=false, platform=IOS, deviceUDID=47e116086c4c1ffce80e3bc03fa0c0d46896765d, desired={deviceQuery=@os=&amp;apos;ios&amp;apos; and @category=&amp;apos;PHONE&amp;apos;, bundleId=com.mobileheartbeat.mhcure.enterprise, platformName=iOS, testName=MHB login test}, device.serialNumber=47e116086c4c1ffce80e3bc03fa0c0d46896765d, locationServicesAuthorized=false, deviceQuery=@os=&amp;apos;ios&amp;apos; and @category=&amp;apos;PHONE&amp;apos;, reportDirectory=reports, autoWebview=false, udid=47e116086c4c1ffce80e3bc03fa0c0d46896765d, platformName=IOS, device.screenSize=750x1334, useKeystore=false, test.type=Mobile, commandTimeouts=120000, appiumVersion=1.8.0, bundleId=com.mobileheartbeat.mhcure.enterprise, reportUrl=https://vpndemous3.experitest.com:443/reporter/#/test/504/project/Default/, installOnlyForUpdate=false, waitForDeviceTimeout=120000, device.name=iPhone 8 HCA-002, reportTestId=504, autoGrantPermissions=false, appReleaseVersion=, takeScreenshots=true, gridNodePort=7809}]
Session ID: CLOUD-SID:2021-10-11_23-42-44-3290dc30-7ef5-4d24-aa11-be449bdfc0ad
*** Element info: {Using=xpath, value=//*[@XCElementType=&amp;apos;XCUIElementTypeButton&amp;apos; and @accessibilityLabel=&amp;apos;TAB_BAR_TEXTS_ITEM&amp;apos; and @label=&amp;apos;Texts&amp;apos;]}">
      <![CDATA[org.openqa.selenium.NoSuchElementException: no such element (An element could not be located on the page using the given search parameters (XPATH='//*[@XCElementType='XCUIElementTypeButton' and @accessibilityLabel='TAB_BAR_TEXTS_ITEM' and @label='Texts']'))  (WARNING: The server did not provide any stacktrace information)
Command duration or timeout: 0 milliseconds
For documentation on this error, please visit: http://seleniumhq.org/exceptions/no_such_element.html
Build info: version: '3.6.0', revision: '6fbf3ec767', time: '2017-09-27T15:28:36.4Z'
System info: host: 'CORPJGE5636A', ip: '10.129.8.43', os.name: 'Windows 10', os.arch: 'amd64', os.version: '10.0', java.version: '16.0.2'
Driver info: io.appium.java_client.ios.IOSDriver
Capabilities [{device.majorVersion=13, dontGoHomeOnQuit=false, device.os=iOS, noReset=false, applicationClearData=false, reservationDuration=240, install.only.for.update=false, device.version=13.2, automationName=XCUITest, javascriptEnabled=true, testName=MHB login test, ehmUrl=https://vpndemous3.experitest.com:443/agent-316, device.manufacture=Apple, instrumentApp=false, device.category=PHONE, autoDismissAlerts=false, newSessionWaitTimeout=600, keystorePath=~/.android/debug.keystore, device.model=iPhone 8, appBuildVersion=, projectName=, ehmPrefixUrl=/agent-316, autoAcceptAlerts=false, dontStopAppOnReset=false, reportFormat=xml, fullReset=false, platform=IOS, deviceUDID=47e116086c4c1ffce80e3bc03fa0c0d46896765d, desired={deviceQuery=@os='ios' and @category='PHONE', bundleId=com.mobileheartbeat.mhcure.enterprise, platformName=iOS, testName=MHB login test}, device.serialNumber=47e116086c4c1ffce80e3bc03fa0c0d46896765d, locationServicesAuthorized=false, deviceQuery=@os='ios' and @category='PHONE', reportDirectory=reports, autoWebview=false, udid=47e116086c4c1ffce80e3bc03fa0c0d46896765d, platformName=IOS, device.screenSize=750x1334, useKeystore=false, test.type=Mobile, commandTimeouts=120000, appiumVersion=1.8.0, bundleId=com.mobileheartbeat.mhcure.enterprise, reportUrl=https://vpndemous3.experitest.com:443/reporter/#/test/504/project/Default/, installOnlyForUpdate=false, waitForDeviceTimeout=120000, device.name=iPhone 8 HCA-002, reportTestId=504, autoGrantPermissions=false, appReleaseVersion=, takeScreenshots=true, gridNodePort=7809}]
Session ID: CLOUD-SID:2021-10-11_23-42-44-3290dc30-7ef5-4d24-aa11-be449bdfc0ad
*** Element info: {Using=xpath, value=//*[@XCElementType='XCUIElementTypeButton' and @accessibilityLabel='TAB_BAR_TEXTS_ITEM' and @label='Texts']}
at java.base/jdk.internal.reflect.NativeConstructorAccessorImpl.newInstance0(Native Method)
at java.base/jdk.internal.reflect.NativeConstructorAccessorImpl.newInstance(NativeConstructorAccessorImpl.java:78)
at java.base/jdk.internal.reflect.DelegatingConstructorAccessorImpl.newInstance(DelegatingConstructorAccessorImpl.java:45)
at java.base/java.lang.reflect.Constructor.newInstanceWithCaller(Constructor.java:499)
at java.base/java.lang.reflect.Constructor.newInstance(Constructor.java:480)
at org.openqa.selenium.remote.ErrorHandler.createThrowable(ErrorHandler.java:214)
at org.openqa.selenium.remote.ErrorHandler.throwIfResponseFailed(ErrorHandler.java:166)
at org.openqa.selenium.remote.http.JsonHttpResponseCodec.reconstructValue(JsonHttpResponseCodec.java:40)
at org.openqa.selenium.remote.http.AbstractHttpResponseCodec.decode(AbstractHttpResponseCodec.java:82)
at org.openqa.selenium.remote.http.AbstractHttpResponseCodec.decode(AbstractHttpResponseCodec.java:45)
at org.openqa.selenium.remote.HttpCommandExecutor.execute(HttpCommandExecutor.java:164)
at io.appium.java_client.remote.AppiumCommandExecutor.execute(AppiumCommandExecutor.java:89)
at org.openqa.selenium.remote.RemoteWebDriver.execute(RemoteWebDriver.java:586)
at io.appium.java_client.DefaultGenericMobileDriver.execute(DefaultGenericMobileDriver.java:42)
at io.appium.java_client.AppiumDriver.execute(AppiumDriver.java:1)
at io.appium.java_client.ios.IOSDriver.execute(IOSDriver.java:1)
at org.openqa.selenium.remote.RemoteWebDriver.findElement(RemoteWebDriver.java:356)
at io.appium.java_client.DefaultGenericMobileDriver.findElement(DefaultGenericMobileDriver.java:62)
at io.appium.java_client.AppiumDriver.findElement(AppiumDriver.java:1)
at io.appium.java_client.ios.IOSDriver.findElement(IOSDriver.java:1)
at org.openqa.selenium.remote.RemoteWebDriver.findElementByXPath(RemoteWebDriver.java:458)
at io.appium.java_client.DefaultGenericMobileDriver.findElementByXPath(DefaultGenericMobileDriver.java:140)
at io.appium.java_client.AppiumDriver.findElementByXPath(AppiumDriver.java:1)
at io.appium.java_client.ios.IOSDriver.findElementByXPath(IOSDriver.java:1)
at org.openqa.selenium.By$ByXPath.findElement(By.java:361)
at org.openqa.selenium.remote.RemoteWebDriver.findElement(RemoteWebDriver.java:348)
at io.appium.java_client.DefaultGenericMobileDriver.findElement(DefaultGenericMobileDriver.java:58)
at io.appium.java_client.AppiumDriver.findElement(AppiumDriver.java:1)
at io.appium.java_client.ios.IOSDriver.findElement(IOSDriver.java:1)
at mhbmobile.MHBmobileGroupText.mhbgrouptext(MHBmobileGroupText.java:10)
at mhbmobile.MHBmobileAutomation.mhbmain(MHBmobileAutomation.java:17)
at java.base/jdk.internal.reflect.NativeMethodAccessorImpl.invoke0(Native Method)
at java.base/jdk.internal.reflect.NativeMethodAccessorImpl.invoke(NativeMethodAccessorImpl.java:78)
at java.base/jdk.internal.reflect.DelegatingMethodAccessorImpl.invoke(DelegatingMethodAccessorImpl.java:43)
at java.base/java.lang.reflect.Method.invoke(Method.java:567)
at org.testng.internal.MethodInvocationHelper.invokeMethod(MethodInvocationHelper.java:133)
at org.testng.internal.TestInvoker.invokeMethod(TestInvoker.java:598)
at org.testng.internal.TestInvoker.invokeTestMethod(TestInvoker.java:173)
at org.testng.internal.MethodRunner.runInSequence(MethodRunner.java:46)
at org.testng.internal.TestInvoker$MethodInvocationAgent.invoke(TestInvoker.java:824)
at org.testng.internal.TestInvoker.invokeTestMethods(TestInvoker.java:146)
at org.testng.internal.TestMethodWorker.invokeTestMethods(TestMethodWorker.java:146)
at org.testng.internal.TestMethodWorker.run(TestMethodWorker.java:128)
at java.base/java.util.ArrayList.forEach(ArrayList.java:1511)
at org.testng.TestRunner.privateRun(TestRunner.java:794)
at org.testng.TestRunner.run(TestRunner.java:596)
at org.testng.SuiteRunner.runTest(SuiteRunner.java:377)
at org.testng.SuiteRunner.runSequentially(SuiteRunner.java:371)
at org.testng.SuiteRunner.privateRun(SuiteRunner.java:332)
at org.testng.SuiteRunner.run(SuiteRunner.java:276)
at org.testng.SuiteRunnerWorker.runSuite(SuiteRunnerWorker.java:53)
at org.testng.SuiteRunnerWorker.run(SuiteRunnerWorker.java:96)
at org.testng.TestNG.runSuitesSequentially(TestNG.java:1212)
at org.testng.TestNG.runSuitesLocally(TestNG.java:1134)
at org.testng.TestNG.runSuites(TestNG.java:1063)
at org.testng.TestNG.run(TestNG.java:1031)
at org.testng.remote.AbstractRemoteTestNG.run(AbstractRemoteTestNG.java:115)
at org.testng.remote.RemoteTestNG.initAndRun(RemoteTestNG.java:251)
at org.testng.remote.RemoteTestNG.main(RemoteTestNG.java:77)
]]>
    </failure>
  </testcase> <!-- mhbmain -->
</testsuite> <!-- Default test -->
