<?xml version="1.0" encoding="UTF-8"?>
<!-- Generated by org.testng.reporters.JUnitXMLReporter -->
<testsuite ignored="0" hostname="CORPJGE5636A" failures="1" tests="2" name="TestOutage iPhone-8" time="26.469" errors="0" timestamp="2021-10-25T20:55:24 CDT">
  <testcase classname="outagetesting.ParallelLogin" name="@AfterMethod tearDown" time="0.083">
    <failure type="org.openqa.selenium.NoSuchSessionException" message="Can&amp;apos;t delete appium session CLOUD-SID:2021-10-26_01-54-59-cdafab09-09d7-490e-a804-c9724c407dcb, session was not found. (WARNING: The server did not provide any stacktrace information)
Command duration or timeout: 0 milliseconds
Build info: version: &amp;apos;3.6.0&amp;apos;, revision: &amp;apos;6fbf3ec767&amp;apos;, time: &amp;apos;2017-09-27T15:28:36.4Z&amp;apos;
System info: host: &amp;apos;CORPJGE5636A&amp;apos;, ip: &amp;apos;10.155.80.185&amp;apos;, os.name: &amp;apos;Windows 10&amp;apos;, os.arch: &amp;apos;amd64&amp;apos;, os.version: &amp;apos;10.0&amp;apos;, java.version: &amp;apos;16.0.2&amp;apos;
Driver info: io.appium.java_client.ios.IOSDriver
Capabilities [{device.majorVersion=15, dontGoHomeOnQuit=false, device.os=iOS, noReset=false, applicationClearData=false, reservationDuration=240, install.only.for.update=false, device.version=15.0.2, automationName=XCUITest, javascriptEnabled=true, testName=MHB login test, ehmUrl=https://vpndemous3.experitest.com:443/agent-316, cloudViewLink=https://vpndemous3.experitest.com:443/agent-316/#/WAVII1GPty9jdOaz?1, device.manufacture=Apple, instrumentApp=false, device.category=PHONE, autoDismissAlerts=false, newSessionWaitTimeout=600, keystorePath=~/.android/debug.keystore, device.model=iPhone XS, appBuildVersion=, projectName=, ehmPrefixUrl=/agent-316, autoAcceptAlerts=false, dontStopAppOnReset=false, reportFormat=xml, fullReset=false, platform=IOS, deviceUDID=00008020-001D70992242002E, desired={deviceQuery=@os=&amp;apos;ios&amp;apos; and @category=&amp;apos;PHONE&amp;apos;, bundleId=com.mobileheartbeat.mhcure.enterprise, platformName=iOS, testName=MHB login test}, device.serialNumber=00008020-001D70992242002E, locationServicesAuthorized=false, deviceQuery=@os=&amp;apos;ios&amp;apos; and @category=&amp;apos;PHONE&amp;apos;, reportDirectory=reports, autoWebview=false, udid=00008020-001D70992242002E, platformName=IOS, device.screenSize=1125x2436, useKeystore=false, test.type=Mobile, commandTimeouts=120000, appiumVersion=1.8.0, bundleId=com.mobileheartbeat.mhcure.enterprise, reportUrl=https://vpndemous3.experitest.com:443/reporter/#/test/681/project/Default/, installOnlyForUpdate=false, waitForDeviceTimeout=120000, device.name=iPhone XS HCA-007, reportTestId=681, autoGrantPermissions=false, appReleaseVersion=, takeScreenshots=true, gridNodePort=7789}]
Session ID: CLOUD-SID:2021-10-26_01-54-59-cdafab09-09d7-490e-a804-c9724c407dcb">
      <![CDATA[org.openqa.selenium.NoSuchSessionException: Can't delete appium session CLOUD-SID:2021-10-26_01-54-59-cdafab09-09d7-490e-a804-c9724c407dcb, session was not found. (WARNING: The server did not provide any stacktrace information)
Command duration or timeout: 0 milliseconds
Build info: version: '3.6.0', revision: '6fbf3ec767', time: '2017-09-27T15:28:36.4Z'
System info: host: 'CORPJGE5636A', ip: '10.155.80.185', os.name: 'Windows 10', os.arch: 'amd64', os.version: '10.0', java.version: '16.0.2'
Driver info: io.appium.java_client.ios.IOSDriver
Capabilities [{device.majorVersion=15, dontGoHomeOnQuit=false, device.os=iOS, noReset=false, applicationClearData=false, reservationDuration=240, install.only.for.update=false, device.version=15.0.2, automationName=XCUITest, javascriptEnabled=true, testName=MHB login test, ehmUrl=https://vpndemous3.experitest.com:443/agent-316, cloudViewLink=https://vpndemous3.experitest.com:443/agent-316/#/WAVII1GPty9jdOaz?1, device.manufacture=Apple, instrumentApp=false, device.category=PHONE, autoDismissAlerts=false, newSessionWaitTimeout=600, keystorePath=~/.android/debug.keystore, device.model=iPhone XS, appBuildVersion=, projectName=, ehmPrefixUrl=/agent-316, autoAcceptAlerts=false, dontStopAppOnReset=false, reportFormat=xml, fullReset=false, platform=IOS, deviceUDID=00008020-001D70992242002E, desired={deviceQuery=@os='ios' and @category='PHONE', bundleId=com.mobileheartbeat.mhcure.enterprise, platformName=iOS, testName=MHB login test}, device.serialNumber=00008020-001D70992242002E, locationServicesAuthorized=false, deviceQuery=@os='ios' and @category='PHONE', reportDirectory=reports, autoWebview=false, udid=00008020-001D70992242002E, platformName=IOS, device.screenSize=1125x2436, useKeystore=false, test.type=Mobile, commandTimeouts=120000, appiumVersion=1.8.0, bundleId=com.mobileheartbeat.mhcure.enterprise, reportUrl=https://vpndemous3.experitest.com:443/reporter/#/test/681/project/Default/, installOnlyForUpdate=false, waitForDeviceTimeout=120000, device.name=iPhone XS HCA-007, reportTestId=681, autoGrantPermissions=false, appReleaseVersion=, takeScreenshots=true, gridNodePort=7789}]
Session ID: CLOUD-SID:2021-10-26_01-54-59-cdafab09-09d7-490e-a804-c9724c407dcb
at org.openqa.selenium.remote.ErrorHandler.createThrowable(ErrorHandler.java:214)
at org.openqa.selenium.remote.ErrorHandler.throwIfResponseFailed(ErrorHandler.java:166)
at org.openqa.selenium.remote.http.JsonHttpResponseCodec.reconstructValue(JsonHttpResponseCodec.java:40)
at org.openqa.selenium.remote.http.AbstractHttpResponseCodec.decode(AbstractHttpResponseCodec.java:82)
at org.openqa.selenium.remote.http.AbstractHttpResponseCodec.decode(AbstractHttpResponseCodec.java:45)
at org.openqa.selenium.remote.HttpCommandExecutor.execute(HttpCommandExecutor.java:164)
at io.appium.java_client.remote.AppiumCommandExecutor.execute(AppiumCommandExecutor.java:89)
at org.openqa.selenium.remote.RemoteWebDriver.execute(RemoteWebDriver.java:586)
at io.appium.java_client.DefaultGenericMobileDriver.execute(DefaultGenericMobileDriver.java:46)
at io.appium.java_client.AppiumDriver.execute(AppiumDriver.java:1)
at io.appium.java_client.ios.IOSDriver.execute(IOSDriver.java:1)
at org.openqa.selenium.remote.RemoteWebDriver.quit(RemoteWebDriver.java:482)
at outagetesting.ParallelLogin.tearDown(ParallelLogin.java:35)
at java.base/java.util.ArrayList.forEach(ArrayList.java:1511)
at java.base/java.util.concurrent.FutureTask.run(FutureTask.java:264)
at java.base/java.util.concurrent.ThreadPoolExecutor.runWorker(ThreadPoolExecutor.java:1130)
at java.base/java.util.concurrent.ThreadPoolExecutor$Worker.run(ThreadPoolExecutor.java:630)
at java.base/java.lang.Thread.run(Thread.java:831)
... Removed 28 stack frames]]>
    </failure>
  </testcase> <!-- @AfterMethod tearDown -->
  <testcase classname="outagetesting.ParallelLogin" name="@BeforeMethod setUp" time="-1.635213324722E9">
    <skipped/>
  </testcase> <!-- @BeforeMethod setUp -->
  <testcase classname="outagetesting.ParallelLogin" name="@AfterMethod tearDown" time="-1.63521332473E9">
    <skipped/>
  </testcase> <!-- @AfterMethod tearDown -->
  <testcase classname="outagetesting.ParallelOutageTesting" name="usertest1" time="7.583">
    <failure type="org.openqa.selenium.NoSuchSessionException" message="Session CLOUD-SID:2021-10-26_01-54-59-cdafab09-09d7-490e-a804-c9724c407dcb could not be found (WARNING: The server did not provide any stacktrace information)
Command duration or timeout: 0 milliseconds
Build info: version: &amp;apos;3.6.0&amp;apos;, revision: &amp;apos;6fbf3ec767&amp;apos;, time: &amp;apos;2017-09-27T15:28:36.4Z&amp;apos;
System info: host: &amp;apos;CORPJGE5636A&amp;apos;, ip: &amp;apos;10.155.80.185&amp;apos;, os.name: &amp;apos;Windows 10&amp;apos;, os.arch: &amp;apos;amd64&amp;apos;, os.version: &amp;apos;10.0&amp;apos;, java.version: &amp;apos;16.0.2&amp;apos;
Driver info: io.appium.java_client.ios.IOSDriver
Capabilities [{device.majorVersion=15, dontGoHomeOnQuit=false, device.os=iOS, noReset=false, applicationClearData=false, reservationDuration=240, install.only.for.update=false, device.version=15.0.2, automationName=XCUITest, javascriptEnabled=true, testName=MHB login test, ehmUrl=https://vpndemous3.experitest.com:443/agent-316, cloudViewLink=https://vpndemous3.experitest.com:443/agent-316/#/WAVII1GPty9jdOaz?1, device.manufacture=Apple, instrumentApp=false, device.category=PHONE, autoDismissAlerts=false, newSessionWaitTimeout=600, keystorePath=~/.android/debug.keystore, device.model=iPhone XS, appBuildVersion=, projectName=, ehmPrefixUrl=/agent-316, autoAcceptAlerts=false, dontStopAppOnReset=false, reportFormat=xml, fullReset=false, platform=IOS, deviceUDID=00008020-001D70992242002E, desired={deviceQuery=@os=&amp;apos;ios&amp;apos; and @category=&amp;apos;PHONE&amp;apos;, bundleId=com.mobileheartbeat.mhcure.enterprise, platformName=iOS, testName=MHB login test}, device.serialNumber=00008020-001D70992242002E, locationServicesAuthorized=false, deviceQuery=@os=&amp;apos;ios&amp;apos; and @category=&amp;apos;PHONE&amp;apos;, reportDirectory=reports, autoWebview=false, udid=00008020-001D70992242002E, platformName=IOS, device.screenSize=1125x2436, useKeystore=false, test.type=Mobile, commandTimeouts=120000, appiumVersion=1.8.0, bundleId=com.mobileheartbeat.mhcure.enterprise, reportUrl=https://vpndemous3.experitest.com:443/reporter/#/test/681/project/Default/, installOnlyForUpdate=false, waitForDeviceTimeout=120000, device.name=iPhone XS HCA-007, reportTestId=681, autoGrantPermissions=false, appReleaseVersion=, takeScreenshots=true, gridNodePort=7789}]
Session ID: CLOUD-SID:2021-10-26_01-54-59-cdafab09-09d7-490e-a804-c9724c407dcb
*** Element info: {Using=xpath, value=//*[@text=&amp;apos;DIALOGUE_SHORT_TITLE_SUBMIT_BUTTON&amp;apos;]}">
      <![CDATA[org.openqa.selenium.NoSuchSessionException: Session CLOUD-SID:2021-10-26_01-54-59-cdafab09-09d7-490e-a804-c9724c407dcb could not be found (WARNING: The server did not provide any stacktrace information)
Command duration or timeout: 0 milliseconds
Build info: version: '3.6.0', revision: '6fbf3ec767', time: '2017-09-27T15:28:36.4Z'
System info: host: 'CORPJGE5636A', ip: '10.155.80.185', os.name: 'Windows 10', os.arch: 'amd64', os.version: '10.0', java.version: '16.0.2'
Driver info: io.appium.java_client.ios.IOSDriver
Capabilities [{device.majorVersion=15, dontGoHomeOnQuit=false, device.os=iOS, noReset=false, applicationClearData=false, reservationDuration=240, install.only.for.update=false, device.version=15.0.2, automationName=XCUITest, javascriptEnabled=true, testName=MHB login test, ehmUrl=https://vpndemous3.experitest.com:443/agent-316, cloudViewLink=https://vpndemous3.experitest.com:443/agent-316/#/WAVII1GPty9jdOaz?1, device.manufacture=Apple, instrumentApp=false, device.category=PHONE, autoDismissAlerts=false, newSessionWaitTimeout=600, keystorePath=~/.android/debug.keystore, device.model=iPhone XS, appBuildVersion=, projectName=, ehmPrefixUrl=/agent-316, autoAcceptAlerts=false, dontStopAppOnReset=false, reportFormat=xml, fullReset=false, platform=IOS, deviceUDID=00008020-001D70992242002E, desired={deviceQuery=@os='ios' and @category='PHONE', bundleId=com.mobileheartbeat.mhcure.enterprise, platformName=iOS, testName=MHB login test}, device.serialNumber=00008020-001D70992242002E, locationServicesAuthorized=false, deviceQuery=@os='ios' and @category='PHONE', reportDirectory=reports, autoWebview=false, udid=00008020-001D70992242002E, platformName=IOS, device.screenSize=1125x2436, useKeystore=false, test.type=Mobile, commandTimeouts=120000, appiumVersion=1.8.0, bundleId=com.mobileheartbeat.mhcure.enterprise, reportUrl=https://vpndemous3.experitest.com:443/reporter/#/test/681/project/Default/, installOnlyForUpdate=false, waitForDeviceTimeout=120000, device.name=iPhone XS HCA-007, reportTestId=681, autoGrantPermissions=false, appReleaseVersion=, takeScreenshots=true, gridNodePort=7789}]
Session ID: CLOUD-SID:2021-10-26_01-54-59-cdafab09-09d7-490e-a804-c9724c407dcb
*** Element info: {Using=xpath, value=//*[@text='DIALOGUE_SHORT_TITLE_SUBMIT_BUTTON']}
at org.openqa.selenium.remote.ErrorHandler.createThrowable(ErrorHandler.java:214)
at org.openqa.selenium.remote.ErrorHandler.throwIfResponseFailed(ErrorHandler.java:166)
at org.openqa.selenium.remote.http.JsonHttpResponseCodec.reconstructValue(JsonHttpResponseCodec.java:40)
at org.openqa.selenium.remote.http.AbstractHttpResponseCodec.decode(AbstractHttpResponseCodec.java:82)
at org.openqa.selenium.remote.http.AbstractHttpResponseCodec.decode(AbstractHttpResponseCodec.java:45)
at org.openqa.selenium.remote.HttpCommandExecutor.execute(HttpCommandExecutor.java:164)
at io.appium.java_client.remote.AppiumCommandExecutor.execute(AppiumCommandExecutor.java:89)
at org.openqa.selenium.remote.RemoteWebDriver.execute(RemoteWebDriver.java:586)
at io.appium.java_client.DefaultGenericMobileDriver.execute(DefaultGenericMobileDriver.java:42)
at io.appium.java_client.AppiumDriver.execute(AppiumDriver.java:1)
at io.appium.java_client.ios.IOSDriver.execute(IOSDriver.java:1)
at org.openqa.selenium.remote.RemoteWebDriver.findElements(RemoteWebDriver.java:383)
at io.appium.java_client.DefaultGenericMobileDriver.findElements(DefaultGenericMobileDriver.java:54)
at io.appium.java_client.AppiumDriver.findElements(AppiumDriver.java:149)
at org.openqa.selenium.remote.RemoteWebDriver.findElementsByXPath(RemoteWebDriver.java:462)
at io.appium.java_client.DefaultGenericMobileDriver.findElementsByXPath(DefaultGenericMobileDriver.java:144)
at io.appium.java_client.AppiumDriver.findElementsByXPath(AppiumDriver.java:181)
at org.openqa.selenium.By$ByXPath.findElements(By.java:356)
at org.openqa.selenium.remote.RemoteWebDriver.findElements(RemoteWebDriver.java:344)
at io.appium.java_client.DefaultGenericMobileDriver.findElements(DefaultGenericMobileDriver.java:50)
at io.appium.java_client.AppiumDriver.findElements(AppiumDriver.java:145)
at org.openqa.selenium.support.ui.ExpectedConditions.findElement(ExpectedConditions.java:881)
at org.openqa.selenium.support.ui.ExpectedConditions.access$000(ExpectedConditions.java:43)
at org.openqa.selenium.support.ui.ExpectedConditions$7.apply(ExpectedConditions.java:205)
at org.openqa.selenium.support.ui.ExpectedConditions$7.apply(ExpectedConditions.java:201)
at org.openqa.selenium.support.ui.ExpectedConditions$22.apply(ExpectedConditions.java:643)
at org.openqa.selenium.support.ui.ExpectedConditions$22.apply(ExpectedConditions.java:640)
at org.openqa.selenium.support.ui.FluentWait.until(FluentWait.java:208)
at outagetesting.ParallelOutageTesting.usertest1(ParallelOutageTesting.java:18)
at java.base/java.util.ArrayList.forEach(ArrayList.java:1511)
at java.base/java.util.concurrent.FutureTask.run(FutureTask.java:264)
at java.base/java.util.concurrent.ThreadPoolExecutor.runWorker(ThreadPoolExecutor.java:1130)
at java.base/java.util.concurrent.ThreadPoolExecutor$Worker.run(ThreadPoolExecutor.java:630)
at java.base/java.lang.Thread.run(Thread.java:831)
... Removed 23 stack frames]]>
    </failure>
  </testcase> <!-- usertest1 -->
  <testcase classname="outagetesting.ParallelOutageTesting" name="usertest2" time="0.0">
    <skipped/>
  </testcase> <!-- usertest2 -->
</testsuite> <!-- TestOutage iPhone-8 -->
