<?xml version="1.0" encoding="UTF-8"?>
<testng-results ignored="0" total="1" passed="1" failed="0" skipped="0">
  <reporter-output>
  </reporter-output>
  <suite started-at="2021-10-19T11:30:33 CDT" name="Default suite" finished-at="2021-10-19T11:31:52 CDT" duration-ms="79716">
    <groups>
    </groups>
    <test started-at="2021-10-19T11:30:33 CDT" name="Default test" finished-at="2021-10-19T11:31:52 CDT" duration-ms="79716">
      <class name="mhbmobile.MHBmobileAutomation">
        <test-method is-config="true" signature="setUp()[pri:0, instance:mhbmobile.MHBmobileAutomation@4bb33f74]" started-at="2021-10-19T11:30:33 CDT" name="setUp" finished-at="2021-10-19T11:30:51 CDT" duration-ms="18165" status="PASS">
          <reporter-output>
          </reporter-output>
        </test-method> <!-- setUp -->
        <test-method signature="mhbmain()[pri:0, instance:mhbmobile.MHBmobileAutomation@4bb33f74]" started-at="2021-10-19T11:30:51 CDT" name="mhbmain" finished-at="2021-10-19T11:31:48 CDT" duration-ms="57398" status="PASS">
          <reporter-output>
          </reporter-output>
        </test-method> <!-- mhbmain -->
        <test-method is-config="true" signature="tearDown()[pri:0, instance:mhbmobile.MHBmobileAutomation@4bb33f74]" started-at="2021-10-19T11:31:48 CDT" name="tearDown" finished-at="2021-10-19T11:31:52 CDT" duration-ms="4079" status="PASS">
          <reporter-output>
          </reporter-output>
        </test-method> <!-- tearDown -->
      </class> <!-- mhbmobile.MHBmobileAutomation -->
    </test> <!-- Default test -->
  </suite> <!-- Default suite -->
</testng-results>
