<?xml version="1.0" encoding="UTF-8"?>
<testng-results ignored="0" total="1" passed="1" failed="0" skipped="0">
  <reporter-output>
  </reporter-output>
  <suite started-at="2022-02-14T09:27:31 CST" name="Default suite" finished-at="2022-02-14T09:28:20 CST" duration-ms="48271">
    <groups>
    </groups>
    <test started-at="2022-02-14T09:27:31 CST" name="Default test" finished-at="2022-02-14T09:28:20 CST" duration-ms="48271">
      <class name="mhbmobile.MHBmobileAutomation">
        <test-method is-config="true" signature="setup()[pri:0, instance:mhbmobile.MHBmobileAutomation@543588e6]" started-at="2022-02-14T09:27:31 CST" name="setup" finished-at="2022-02-14T09:27:31 CST" duration-ms="381" status="PASS">
          <reporter-output>
          </reporter-output>
        </test-method> <!-- setup -->
        <test-method is-config="true" signature="setUp()[pri:0, instance:mhbmobile.MHBmobileAutomation@543588e6]" started-at="2022-02-14T09:27:32 CST" name="setUp" finished-at="2022-02-14T09:28:04 CST" duration-ms="32536" status="PASS">
          <reporter-output>
          </reporter-output>
        </test-method> <!-- setUp -->
        <test-method signature="mhbmain()[pri:0, instance:mhbmobile.MHBmobileAutomation@543588e6]" started-at="2022-02-14T09:28:04 CST" name="mhbmain" finished-at="2022-02-14T09:28:20 CST" duration-ms="15669" status="PASS">
          <reporter-output>
          </reporter-output>
        </test-method> <!-- mhbmain -->
        <test-method is-config="true" signature="getResult(org.testng.ITestResult)[pri:0, instance:mhbmobile.MHBmobileAutomation@543588e6]" started-at="2022-02-14T09:28:20 CST" name="getResult" finished-at="2022-02-14T09:28:20 CST" duration-ms="11" status="PASS">
          <params>
            <param index="0">
              <value>
                <![CDATA[[TestResult name=mhbmain status=SUCCESS method=MHBmobileAutomation.mhbmain()[pri:0, instance:mhbmobile.MHBmobileAutomation@543588e6] output={null}]]]>
              </value>
            </param>
          </params>
          <reporter-output>
          </reporter-output>
        </test-method> <!-- getResult -->
        <test-method is-config="true" signature="tearDown()[pri:0, instance:mhbmobile.MHBmobileAutomation@543588e6]" started-at="2022-02-14T09:28:20 CST" name="tearDown" finished-at="2022-02-14T09:28:20 CST" duration-ms="268" status="PASS">
          <reporter-output>
          </reporter-output>
        </test-method> <!-- tearDown -->
      </class> <!-- mhbmobile.MHBmobileAutomation -->
    </test> <!-- Default test -->
  </suite> <!-- Default suite -->
</testng-results>
