<?xml version="1.0" encoding="UTF-8"?>
<!-- Generated by org.testng.reporters.JUnitXMLReporter -->
<testsuite ignored="0" hostname="CORPJGE5636A" failures="2" tests="2" name="1" time="54.696" errors="0" timestamp="2021-10-25T14:13:21 CDT">
  <testcase classname="outagetesting.ParallelLogin" name="@AfterTest tearDown" time="0.072">
    <failure type="org.openqa.selenium.NoSuchSessionException" message="Can&amp;apos;t delete appium session CLOUD-SID:2021-10-25_19-12-28-768745c0-9510-410b-8736-1a192a7a0397, session was not found. (WARNING: The server did not provide any stacktrace information)
Command duration or timeout: 0 milliseconds
Build info: version: &amp;apos;3.6.0&amp;apos;, revision: &amp;apos;6fbf3ec767&amp;apos;, time: &amp;apos;2017-09-27T15:28:36.4Z&amp;apos;
System info: host: &amp;apos;CORPJGE5636A&amp;apos;, ip: &amp;apos;10.33.93.42&amp;apos;, os.name: &amp;apos;Windows 10&amp;apos;, os.arch: &amp;apos;amd64&amp;apos;, os.version: &amp;apos;10.0&amp;apos;, java.version: &amp;apos;16.0.2&amp;apos;
Driver info: io.appium.java_client.ios.IOSDriver
Capabilities [{device.majorVersion=15, dontGoHomeOnQuit=false, device.os=iOS, noReset=false, applicationClearData=false, reservationDuration=240, install.only.for.update=false, device.version=15.0.2, automationName=XCUITest, javascriptEnabled=true, testName=MHB login test, ehmUrl=https://vpndemous3.experitest.com:443/agent-316, cloudViewLink=https://vpndemous3.experitest.com:443/agent-316/#/shMnTIFR2gvREKp0?1, device.manufacture=Apple, instrumentApp=false, device.category=PHONE, autoDismissAlerts=false, newSessionWaitTimeout=600, keystorePath=~/.android/debug.keystore, device.model=iPhone XS, appBuildVersion=, projectName=, ehmPrefixUrl=/agent-316, autoAcceptAlerts=false, dontStopAppOnReset=false, reportFormat=xml, fullReset=false, platform=IOS, deviceUDID=00008020-001D70992242002E, desired={deviceQuery=@os=&amp;apos;ios&amp;apos; and @category=&amp;apos;PHONE&amp;apos;, bundleId=com.mobileheartbeat.mhcure.enterprise, platformName=iOS, testName=MHB login test}, device.serialNumber=00008020-001D70992242002E, locationServicesAuthorized=false, deviceQuery=@os=&amp;apos;ios&amp;apos; and @category=&amp;apos;PHONE&amp;apos;, reportDirectory=reports, autoWebview=false, udid=00008020-001D70992242002E, platformName=IOS, device.screenSize=1125x2436, useKeystore=false, test.type=Mobile, commandTimeouts=120000, appiumVersion=1.8.0, bundleId=com.mobileheartbeat.mhcure.enterprise, reportUrl=https://vpndemous3.experitest.com:443/reporter/#/test/677/project/Default/, installOnlyForUpdate=false, waitForDeviceTimeout=120000, device.name=iPhone XS HCA-007, reportTestId=677, autoGrantPermissions=false, appReleaseVersion=, takeScreenshots=true, gridNodePort=7785}]
Session ID: CLOUD-SID:2021-10-25_19-12-28-768745c0-9510-410b-8736-1a192a7a0397">
      <![CDATA[org.openqa.selenium.NoSuchSessionException: Can't delete appium session CLOUD-SID:2021-10-25_19-12-28-768745c0-9510-410b-8736-1a192a7a0397, session was not found. (WARNING: The server did not provide any stacktrace information)
Command duration or timeout: 0 milliseconds
Build info: version: '3.6.0', revision: '6fbf3ec767', time: '2017-09-27T15:28:36.4Z'
System info: host: 'CORPJGE5636A', ip: '10.33.93.42', os.name: 'Windows 10', os.arch: 'amd64', os.version: '10.0', java.version: '16.0.2'
Driver info: io.appium.java_client.ios.IOSDriver
Capabilities [{device.majorVersion=15, dontGoHomeOnQuit=false, device.os=iOS, noReset=false, applicationClearData=false, reservationDuration=240, install.only.for.update=false, device.version=15.0.2, automationName=XCUITest, javascriptEnabled=true, testName=MHB login test, ehmUrl=https://vpndemous3.experitest.com:443/agent-316, cloudViewLink=https://vpndemous3.experitest.com:443/agent-316/#/shMnTIFR2gvREKp0?1, device.manufacture=Apple, instrumentApp=false, device.category=PHONE, autoDismissAlerts=false, newSessionWaitTimeout=600, keystorePath=~/.android/debug.keystore, device.model=iPhone XS, appBuildVersion=, projectName=, ehmPrefixUrl=/agent-316, autoAcceptAlerts=false, dontStopAppOnReset=false, reportFormat=xml, fullReset=false, platform=IOS, deviceUDID=00008020-001D70992242002E, desired={deviceQuery=@os='ios' and @category='PHONE', bundleId=com.mobileheartbeat.mhcure.enterprise, platformName=iOS, testName=MHB login test}, device.serialNumber=00008020-001D70992242002E, locationServicesAuthorized=false, deviceQuery=@os='ios' and @category='PHONE', reportDirectory=reports, autoWebview=false, udid=00008020-001D70992242002E, platformName=IOS, device.screenSize=1125x2436, useKeystore=false, test.type=Mobile, commandTimeouts=120000, appiumVersion=1.8.0, bundleId=com.mobileheartbeat.mhcure.enterprise, reportUrl=https://vpndemous3.experitest.com:443/reporter/#/test/677/project/Default/, installOnlyForUpdate=false, waitForDeviceTimeout=120000, device.name=iPhone XS HCA-007, reportTestId=677, autoGrantPermissions=false, appReleaseVersion=, takeScreenshots=true, gridNodePort=7785}]
Session ID: CLOUD-SID:2021-10-25_19-12-28-768745c0-9510-410b-8736-1a192a7a0397
at org.openqa.selenium.remote.ErrorHandler.createThrowable(ErrorHandler.java:214)
at org.openqa.selenium.remote.ErrorHandler.throwIfResponseFailed(ErrorHandler.java:166)
at org.openqa.selenium.remote.http.JsonHttpResponseCodec.reconstructValue(JsonHttpResponseCodec.java:40)
at org.openqa.selenium.remote.http.AbstractHttpResponseCodec.decode(AbstractHttpResponseCodec.java:82)
at org.openqa.selenium.remote.http.AbstractHttpResponseCodec.decode(AbstractHttpResponseCodec.java:45)
at org.openqa.selenium.remote.HttpCommandExecutor.execute(HttpCommandExecutor.java:164)
at io.appium.java_client.remote.AppiumCommandExecutor.execute(AppiumCommandExecutor.java:89)
at org.openqa.selenium.remote.RemoteWebDriver.execute(RemoteWebDriver.java:586)
at io.appium.java_client.DefaultGenericMobileDriver.execute(DefaultGenericMobileDriver.java:46)
at io.appium.java_client.AppiumDriver.execute(AppiumDriver.java:1)
at io.appium.java_client.ios.IOSDriver.execute(IOSDriver.java:1)
at org.openqa.selenium.remote.RemoteWebDriver.quit(RemoteWebDriver.java:482)
at outagetesting.ParallelLogin.tearDown(ParallelLogin.java:43)
at java.base/java.util.concurrent.FutureTask.run(FutureTask.java:264)
at java.base/java.util.concurrent.ThreadPoolExecutor.runWorker(ThreadPoolExecutor.java:1130)
at java.base/java.util.concurrent.ThreadPoolExecutor$Worker.run(ThreadPoolExecutor.java:630)
at java.base/java.lang.Thread.run(Thread.java:831)
... Removed 20 stack frames]]>
    </failure>
  </testcase> <!-- @AfterTest tearDown -->
  <testcase classname="outagetesting.ParallelOutageTesting" name="usertest1" time="11.5">
    <failure type="org.openqa.selenium.WebDriverException" message="unknown error (An unknown server-side error occurred. status=&amp;apos;false&amp;apos;. Failed to complete internal method: &amp;apos;elementSendText args: [NATIVE, xpath=(//*[@accessibilityLabel=&amp;apos;LOGIN_USER_INPUT&amp;apos;])[1], 0, cwd-1974s]&amp;apos;, details: Failed to send text to &amp;apos;xpath=(//*[@accessibilityLabel=&amp;apos;LOGIN_USER_INPUT&amp;apos;])[1]&amp;apos;. Tap timed out.)  (WARNING: The server did not provide any stacktrace information)
Command duration or timeout: 0 milliseconds
Build info: version: &amp;apos;3.6.0&amp;apos;, revision: &amp;apos;6fbf3ec767&amp;apos;, time: &amp;apos;2017-09-27T15:28:36.4Z&amp;apos;
System info: host: &amp;apos;CORPJGE5636A&amp;apos;, ip: &amp;apos;10.33.93.42&amp;apos;, os.name: &amp;apos;Windows 10&amp;apos;, os.arch: &amp;apos;amd64&amp;apos;, os.version: &amp;apos;10.0&amp;apos;, java.version: &amp;apos;16.0.2&amp;apos;
Driver info: io.appium.java_client.ios.IOSDriver
Capabilities [{device.majorVersion=15, dontGoHomeOnQuit=false, device.os=iOS, noReset=false, applicationClearData=false, reservationDuration=240, install.only.for.update=false, device.version=15.0.2, automationName=XCUITest, javascriptEnabled=true, testName=MHB login test, ehmUrl=https://vpndemous3.experitest.com:443/agent-316, cloudViewLink=https://vpndemous3.experitest.com:443/agent-316/#/shMnTIFR2gvREKp0?1, device.manufacture=Apple, instrumentApp=false, device.category=PHONE, autoDismissAlerts=false, newSessionWaitTimeout=600, keystorePath=~/.android/debug.keystore, device.model=iPhone XS, appBuildVersion=, projectName=, ehmPrefixUrl=/agent-316, autoAcceptAlerts=false, dontStopAppOnReset=false, reportFormat=xml, fullReset=false, platform=IOS, deviceUDID=00008020-001D70992242002E, desired={deviceQuery=@os=&amp;apos;ios&amp;apos; and @category=&amp;apos;PHONE&amp;apos;, bundleId=com.mobileheartbeat.mhcure.enterprise, platformName=iOS, testName=MHB login test}, device.serialNumber=00008020-001D70992242002E, locationServicesAuthorized=false, deviceQuery=@os=&amp;apos;ios&amp;apos; and @category=&amp;apos;PHONE&amp;apos;, reportDirectory=reports, autoWebview=false, udid=00008020-001D70992242002E, platformName=IOS, device.screenSize=1125x2436, useKeystore=false, test.type=Mobile, commandTimeouts=120000, appiumVersion=1.8.0, bundleId=com.mobileheartbeat.mhcure.enterprise, reportUrl=https://vpndemous3.experitest.com:443/reporter/#/test/677/project/Default/, installOnlyForUpdate=false, waitForDeviceTimeout=120000, device.name=iPhone XS HCA-007, reportTestId=677, autoGrantPermissions=false, appReleaseVersion=, takeScreenshots=true, gridNodePort=7785}]
Session ID: CLOUD-SID:2021-10-25_19-12-28-768745c0-9510-410b-8736-1a192a7a0397">
      <![CDATA[org.openqa.selenium.WebDriverException: unknown error (An unknown server-side error occurred. status='false'. Failed to complete internal method: 'elementSendText args: [NATIVE, xpath=(//*[@accessibilityLabel='LOGIN_USER_INPUT'])[1], 0, cwd-1974s]', details: Failed to send text to 'xpath=(//*[@accessibilityLabel='LOGIN_USER_INPUT'])[1]'. Tap timed out.)  (WARNING: The server did not provide any stacktrace information)
Command duration or timeout: 0 milliseconds
Build info: version: '3.6.0', revision: '6fbf3ec767', time: '2017-09-27T15:28:36.4Z'
System info: host: 'CORPJGE5636A', ip: '10.33.93.42', os.name: 'Windows 10', os.arch: 'amd64', os.version: '10.0', java.version: '16.0.2'
Driver info: io.appium.java_client.ios.IOSDriver
Capabilities [{device.majorVersion=15, dontGoHomeOnQuit=false, device.os=iOS, noReset=false, applicationClearData=false, reservationDuration=240, install.only.for.update=false, device.version=15.0.2, automationName=XCUITest, javascriptEnabled=true, testName=MHB login test, ehmUrl=https://vpndemous3.experitest.com:443/agent-316, cloudViewLink=https://vpndemous3.experitest.com:443/agent-316/#/shMnTIFR2gvREKp0?1, device.manufacture=Apple, instrumentApp=false, device.category=PHONE, autoDismissAlerts=false, newSessionWaitTimeout=600, keystorePath=~/.android/debug.keystore, device.model=iPhone XS, appBuildVersion=, projectName=, ehmPrefixUrl=/agent-316, autoAcceptAlerts=false, dontStopAppOnReset=false, reportFormat=xml, fullReset=false, platform=IOS, deviceUDID=00008020-001D70992242002E, desired={deviceQuery=@os='ios' and @category='PHONE', bundleId=com.mobileheartbeat.mhcure.enterprise, platformName=iOS, testName=MHB login test}, device.serialNumber=00008020-001D70992242002E, locationServicesAuthorized=false, deviceQuery=@os='ios' and @category='PHONE', reportDirectory=reports, autoWebview=false, udid=00008020-001D70992242002E, platformName=IOS, device.screenSize=1125x2436, useKeystore=false, test.type=Mobile, commandTimeouts=120000, appiumVersion=1.8.0, bundleId=com.mobileheartbeat.mhcure.enterprise, reportUrl=https://vpndemous3.experitest.com:443/reporter/#/test/677/project/Default/, installOnlyForUpdate=false, waitForDeviceTimeout=120000, device.name=iPhone XS HCA-007, reportTestId=677, autoGrantPermissions=false, appReleaseVersion=, takeScreenshots=true, gridNodePort=7785}]
Session ID: CLOUD-SID:2021-10-25_19-12-28-768745c0-9510-410b-8736-1a192a7a0397
at org.openqa.selenium.remote.ErrorHandler.createThrowable(ErrorHandler.java:214)
at org.openqa.selenium.remote.ErrorHandler.throwIfResponseFailed(ErrorHandler.java:166)
at org.openqa.selenium.remote.http.JsonHttpResponseCodec.reconstructValue(JsonHttpResponseCodec.java:40)
at org.openqa.selenium.remote.http.AbstractHttpResponseCodec.decode(AbstractHttpResponseCodec.java:82)
at org.openqa.selenium.remote.http.AbstractHttpResponseCodec.decode(AbstractHttpResponseCodec.java:45)
at org.openqa.selenium.remote.HttpCommandExecutor.execute(HttpCommandExecutor.java:164)
at io.appium.java_client.remote.AppiumCommandExecutor.execute(AppiumCommandExecutor.java:89)
at org.openqa.selenium.remote.RemoteWebDriver.execute(RemoteWebDriver.java:586)
at io.appium.java_client.DefaultGenericMobileDriver.execute(DefaultGenericMobileDriver.java:42)
at io.appium.java_client.AppiumDriver.execute(AppiumDriver.java:1)
at io.appium.java_client.ios.IOSDriver.execute(IOSDriver.java:1)
at org.openqa.selenium.remote.RemoteWebElement.execute(RemoteWebElement.java:279)
at io.appium.java_client.DefaultGenericMobileElement.execute(DefaultGenericMobileElement.java:45)
at io.appium.java_client.MobileElement.execute(MobileElement.java:1)
at io.appium.java_client.ios.IOSElement.execute(IOSElement.java:1)
at org.openqa.selenium.remote.RemoteWebElement.sendKeys(RemoteWebElement.java:100)
at outagetesting.ParallelOutageTesting.usertest1(ParallelOutageTesting.java:15)
at java.base/java.util.ArrayList.forEach(ArrayList.java:1511)
at java.base/java.util.concurrent.FutureTask.run(FutureTask.java:264)
at java.base/java.util.concurrent.ThreadPoolExecutor.runWorker(ThreadPoolExecutor.java:1130)
at java.base/java.util.concurrent.ThreadPoolExecutor$Worker.run(ThreadPoolExecutor.java:630)
at java.base/java.lang.Thread.run(Thread.java:831)
... Removed 23 stack frames]]>
    </failure>
  </testcase> <!-- usertest1 -->
  <testcase classname="outagetesting.ParallelOutageTesting" name="usertest2" time="14.0">
    <failure type="org.openqa.selenium.WebDriverException" message="unknown error (An unknown server-side error occurred. status=&amp;apos;false&amp;apos;. Failed to complete internal method: &amp;apos;elementSendText args: [NATIVE, xpath=(//*[@accessibilityLabel=&amp;apos;LOGIN_USER_INPUT&amp;apos;])[1], 0, cwd-1974s]&amp;apos;, details: Failed to send text to &amp;apos;xpath=(//*[@accessibilityLabel=&amp;apos;LOGIN_USER_INPUT&amp;apos;])[1]&amp;apos;. Tap timed out.)  (WARNING: The server did not provide any stacktrace information)
Command duration or timeout: 0 milliseconds
Build info: version: &amp;apos;3.6.0&amp;apos;, revision: &amp;apos;6fbf3ec767&amp;apos;, time: &amp;apos;2017-09-27T15:28:36.4Z&amp;apos;
System info: host: &amp;apos;CORPJGE5636A&amp;apos;, ip: &amp;apos;10.33.93.42&amp;apos;, os.name: &amp;apos;Windows 10&amp;apos;, os.arch: &amp;apos;amd64&amp;apos;, os.version: &amp;apos;10.0&amp;apos;, java.version: &amp;apos;16.0.2&amp;apos;
Driver info: io.appium.java_client.ios.IOSDriver
Capabilities [{device.majorVersion=15, dontGoHomeOnQuit=false, device.os=iOS, noReset=false, applicationClearData=false, reservationDuration=240, install.only.for.update=false, device.version=15.0.2, automationName=XCUITest, javascriptEnabled=true, testName=MHB login test, ehmUrl=https://vpndemous3.experitest.com:443/agent-316, cloudViewLink=https://vpndemous3.experitest.com:443/agent-316/#/shMnTIFR2gvREKp0?1, device.manufacture=Apple, instrumentApp=false, device.category=PHONE, autoDismissAlerts=false, newSessionWaitTimeout=600, keystorePath=~/.android/debug.keystore, device.model=iPhone XS, appBuildVersion=, projectName=, ehmPrefixUrl=/agent-316, autoAcceptAlerts=false, dontStopAppOnReset=false, reportFormat=xml, fullReset=false, platform=IOS, deviceUDID=00008020-001D70992242002E, desired={deviceQuery=@os=&amp;apos;ios&amp;apos; and @category=&amp;apos;PHONE&amp;apos;, bundleId=com.mobileheartbeat.mhcure.enterprise, platformName=iOS, testName=MHB login test}, device.serialNumber=00008020-001D70992242002E, locationServicesAuthorized=false, deviceQuery=@os=&amp;apos;ios&amp;apos; and @category=&amp;apos;PHONE&amp;apos;, reportDirectory=reports, autoWebview=false, udid=00008020-001D70992242002E, platformName=IOS, device.screenSize=1125x2436, useKeystore=false, test.type=Mobile, commandTimeouts=120000, appiumVersion=1.8.0, bundleId=com.mobileheartbeat.mhcure.enterprise, reportUrl=https://vpndemous3.experitest.com:443/reporter/#/test/677/project/Default/, installOnlyForUpdate=false, waitForDeviceTimeout=120000, device.name=iPhone XS HCA-007, reportTestId=677, autoGrantPermissions=false, appReleaseVersion=, takeScreenshots=true, gridNodePort=7785}]
Session ID: CLOUD-SID:2021-10-25_19-12-28-768745c0-9510-410b-8736-1a192a7a0397">
      <![CDATA[org.openqa.selenium.WebDriverException: unknown error (An unknown server-side error occurred. status='false'. Failed to complete internal method: 'elementSendText args: [NATIVE, xpath=(//*[@accessibilityLabel='LOGIN_USER_INPUT'])[1], 0, cwd-1974s]', details: Failed to send text to 'xpath=(//*[@accessibilityLabel='LOGIN_USER_INPUT'])[1]'. Tap timed out.)  (WARNING: The server did not provide any stacktrace information)
Command duration or timeout: 0 milliseconds
Build info: version: '3.6.0', revision: '6fbf3ec767', time: '2017-09-27T15:28:36.4Z'
System info: host: 'CORPJGE5636A', ip: '10.33.93.42', os.name: 'Windows 10', os.arch: 'amd64', os.version: '10.0', java.version: '16.0.2'
Driver info: io.appium.java_client.ios.IOSDriver
Capabilities [{device.majorVersion=15, dontGoHomeOnQuit=false, device.os=iOS, noReset=false, applicationClearData=false, reservationDuration=240, install.only.for.update=false, device.version=15.0.2, automationName=XCUITest, javascriptEnabled=true, testName=MHB login test, ehmUrl=https://vpndemous3.experitest.com:443/agent-316, cloudViewLink=https://vpndemous3.experitest.com:443/agent-316/#/shMnTIFR2gvREKp0?1, device.manufacture=Apple, instrumentApp=false, device.category=PHONE, autoDismissAlerts=false, newSessionWaitTimeout=600, keystorePath=~/.android/debug.keystore, device.model=iPhone XS, appBuildVersion=, projectName=, ehmPrefixUrl=/agent-316, autoAcceptAlerts=false, dontStopAppOnReset=false, reportFormat=xml, fullReset=false, platform=IOS, deviceUDID=00008020-001D70992242002E, desired={deviceQuery=@os='ios' and @category='PHONE', bundleId=com.mobileheartbeat.mhcure.enterprise, platformName=iOS, testName=MHB login test}, device.serialNumber=00008020-001D70992242002E, locationServicesAuthorized=false, deviceQuery=@os='ios' and @category='PHONE', reportDirectory=reports, autoWebview=false, udid=00008020-001D70992242002E, platformName=IOS, device.screenSize=1125x2436, useKeystore=false, test.type=Mobile, commandTimeouts=120000, appiumVersion=1.8.0, bundleId=com.mobileheartbeat.mhcure.enterprise, reportUrl=https://vpndemous3.experitest.com:443/reporter/#/test/677/project/Default/, installOnlyForUpdate=false, waitForDeviceTimeout=120000, device.name=iPhone XS HCA-007, reportTestId=677, autoGrantPermissions=false, appReleaseVersion=, takeScreenshots=true, gridNodePort=7785}]
Session ID: CLOUD-SID:2021-10-25_19-12-28-768745c0-9510-410b-8736-1a192a7a0397
at org.openqa.selenium.remote.ErrorHandler.createThrowable(ErrorHandler.java:214)
at org.openqa.selenium.remote.ErrorHandler.throwIfResponseFailed(ErrorHandler.java:166)
at org.openqa.selenium.remote.http.JsonHttpResponseCodec.reconstructValue(JsonHttpResponseCodec.java:40)
at org.openqa.selenium.remote.http.AbstractHttpResponseCodec.decode(AbstractHttpResponseCodec.java:82)
at org.openqa.selenium.remote.http.AbstractHttpResponseCodec.decode(AbstractHttpResponseCodec.java:45)
at org.openqa.selenium.remote.HttpCommandExecutor.execute(HttpCommandExecutor.java:164)
at io.appium.java_client.remote.AppiumCommandExecutor.execute(AppiumCommandExecutor.java:89)
at org.openqa.selenium.remote.RemoteWebDriver.execute(RemoteWebDriver.java:586)
at io.appium.java_client.DefaultGenericMobileDriver.execute(DefaultGenericMobileDriver.java:42)
at io.appium.java_client.AppiumDriver.execute(AppiumDriver.java:1)
at io.appium.java_client.ios.IOSDriver.execute(IOSDriver.java:1)
at org.openqa.selenium.remote.RemoteWebElement.execute(RemoteWebElement.java:279)
at io.appium.java_client.DefaultGenericMobileElement.execute(DefaultGenericMobileElement.java:45)
at io.appium.java_client.MobileElement.execute(MobileElement.java:1)
at io.appium.java_client.ios.IOSElement.execute(IOSElement.java:1)
at org.openqa.selenium.remote.RemoteWebElement.sendKeys(RemoteWebElement.java:100)
at outagetesting.ParallelOutageTesting.usertest2(ParallelOutageTesting.java:35)
at java.base/java.util.ArrayList.forEach(ArrayList.java:1511)
at java.base/java.util.concurrent.FutureTask.run(FutureTask.java:264)
at java.base/java.util.concurrent.ThreadPoolExecutor.runWorker(ThreadPoolExecutor.java:1130)
at java.base/java.util.concurrent.ThreadPoolExecutor$Worker.run(ThreadPoolExecutor.java:630)
at java.base/java.lang.Thread.run(Thread.java:831)
... Removed 23 stack frames]]>
    </failure>
  </testcase> <!-- usertest2 -->
</testsuite> <!-- 1 -->
